<?xml version="1.0" encoding="UTF-8"?>
<!-- Generated by org.testng.reporters.JUnitXMLReporter -->
<testsuite ignored="0" hostname="SwathiPavan" failures="0" tests="6" name="Test" time="0.069" errors="0" timestamp="18 Feb 2020 03:03:07 GMT">
  <testcase classname="qaclickacademy.SeleniumTest" name="ElementsUI" time="0.012"/>
  <testcase classname="qaclickacademy.SeleniumTest" name="OpenBrowser" time="0.001"/>
  <testcase classname="qaclickacademy.RestAPITest" name="CloseRestAPI" time="0.0"/>
  <testcase classname="qaclickacademy.RestAPITest" name="OpenRestAPI" time="0.0"/>
  <testcase classname="qaclickacademy.AppiumTest" name="AndroidAPI" time="0.0"/>
  <testcase classname="qaclickacademy.AppiumTest" name="IOSAPI" time="0.0"/>
</testsuite> <!-- Test -->
