<?xml version="1.0" encoding="UTF-8"?>
<testng-results ignored="0" total="6" passed="6" failed="0" skipped="0">
  <reporter-output>
  </reporter-output>
  <suite started-at="2020-02-18T03:03:06Z" name="Suite" finished-at="2020-02-18T03:03:07Z" duration-ms="69">
    <groups>
    </groups>
    <test started-at="2020-02-18T03:03:06Z" name="Test" finished-at="2020-02-18T03:03:07Z" duration-ms="69">
      <class name="qaclickacademy.AppiumTest">
        <test-method signature="AndroidAPI()[pri:0, instance:qaclickacademy.AppiumTest@5ea434c8]" started-at="2020-02-18T03:03:07Z" name="AndroidAPI" finished-at="2020-02-18T03:03:07Z" duration-ms="0" status="PASS">
          <reporter-output>
          </reporter-output>
        </test-method> <!-- AndroidAPI -->
        <test-method signature="IOSAPI()[pri:0, instance:qaclickacademy.AppiumTest@5ea434c8]" started-at="2020-02-18T03:03:07Z" name="IOSAPI" finished-at="2020-02-18T03:03:07Z" duration-ms="0" status="PASS">
          <reporter-output>
          </reporter-output>
        </test-method> <!-- IOSAPI -->
      </class> <!-- qaclickacademy.AppiumTest -->
      <class name="qaclickacademy.RestAPITest">
        <test-method signature="CloseRestAPI()[pri:0, instance:qaclickacademy.RestAPITest@5d47c63f]" started-at="2020-02-18T03:03:07Z" name="CloseRestAPI" finished-at="2020-02-18T03:03:07Z" duration-ms="0" status="PASS">
          <reporter-output>
          </reporter-output>
        </test-method> <!-- CloseRestAPI -->
        <test-method signature="OpenRestAPI()[pri:0, instance:qaclickacademy.RestAPITest@5d47c63f]" started-at="2020-02-18T03:03:07Z" name="OpenRestAPI" finished-at="2020-02-18T03:03:07Z" duration-ms="0" status="PASS">
          <reporter-output>
          </reporter-output>
        </test-method> <!-- OpenRestAPI -->
      </class> <!-- qaclickacademy.RestAPITest -->
      <class name="qaclickacademy.SeleniumTest">
        <test-method signature="ElementsUI()[pri:0, instance:qaclickacademy.SeleniumTest@67e2d983]" started-at="2020-02-18T03:03:06Z" name="ElementsUI" finished-at="2020-02-18T03:03:06Z" duration-ms="12" status="PASS">
          <reporter-output>
          </reporter-output>
        </test-method> <!-- ElementsUI -->
        <test-method signature="OpenBrowser()[pri:0, instance:qaclickacademy.SeleniumTest@67e2d983]" started-at="2020-02-18T03:03:06Z" name="OpenBrowser" finished-at="2020-02-18T03:03:06Z" duration-ms="1" status="PASS">
          <reporter-output>
          </reporter-output>
        </test-method> <!-- OpenBrowser -->
      </class> <!-- qaclickacademy.SeleniumTest -->
    </test> <!-- Test -->
  </suite> <!-- Suite -->
</testng-results>
